<?xml version="1.0" encoding="UTF-8"?>
<!-- Generated by org.testng.reporters.JUnitReportReporter -->
<testsuite skipped="0" hostname="DESKTOP-S6B8720" name="TestBase.LoginTest" tests="1" failures="0" timestamp="11 Sep 2019 16:08:58 GMT" time="0.015" errors="0">
  <testcase name="Test1" time="0.015" classname="TestBase.LoginTest"/>
</testsuite> <!-- TestBase.LoginTest -->
